<?xml version="1.0" encoding="UTF-8"?>
<testsuite name="ToDoAppTest" tests="1" skipped="0" failures="0" errors="0" timestamp="2018-05-28T10:57:35" hostname="tsb-pc" time="0.002">
  <properties/>
  <testcase name="initialTest" classname="ToDoAppTest" time="0.002"/>
  <system-out><![CDATA[]]></system-out>
  <system-err><![CDATA[]]></system-err>
</testsuite>
